<?xml version="1.0" encoding="UTF-8"?>
<testng-results skipped="0" failed="0" ignored="0" total="1" passed="1">
  <reporter-output>
  </reporter-output>
  <suite name="Suite" duration-ms="49956" started-at="2019-12-20T03:01:55Z" finished-at="2019-12-20T03:02:45Z">
    <groups>
    </groups>
    <test name="Test" duration-ms="49956" started-at="2019-12-20T03:01:55Z" finished-at="2019-12-20T03:02:45Z">
      <class name="test.TESTActitimeLogin">
        <test-method status="PASS" signature="openApp()[pri:0, instance:test.TESTActitimeLogin@17d0685f]" name="openApp" is-config="true" duration-ms="42593" started-at="2019-12-20T03:01:55Z" finished-at="2019-12-20T03:02:38Z">
          <reporter-output>
          </reporter-output>
        </test-method> <!-- openApp -->
        <test-method status="PASS" signature="login()[pri:0, instance:test.TESTActitimeLogin@17d0685f]" name="login" duration-ms="7268" started-at="2019-12-20T03:02:38Z" finished-at="2019-12-20T03:02:45Z">
          <reporter-output>
          </reporter-output>
        </test-method> <!-- login -->
        <test-method status="PASS" signature="closeApp()[pri:0, instance:test.TESTActitimeLogin@17d0685f]" name="closeApp" is-config="true" duration-ms="1" started-at="2019-12-20T03:02:45Z" finished-at="2019-12-20T03:02:45Z">
          <reporter-output>
          </reporter-output>
        </test-method> <!-- closeApp -->
      </class> <!-- test.TESTActitimeLogin -->
    </test> <!-- Test -->
  </suite> <!-- Suite -->
</testng-results>
